<?xml version="1.0" encoding="UTF-8"?>
<testng-results ignored="0" total="0" passed="0" failed="0" skipped="0">
  <reporter-output>
  </reporter-output>
  <suite started-at="2024-06-27T17:30:32 GMT-04:00" name="Suite" finished-at="2024-06-27T17:30:32 GMT-04:00" duration-ms="29">
    <groups>
    </groups>
    <test started-at="2024-06-27T17:30:32 GMT-04:00" name="Test" finished-at="2024-06-27T17:30:32 GMT-04:00" duration-ms="29">
    </test> <!-- Test -->
  </suite> <!-- Suite -->
</testng-results>
